Opening file 'C:/Synopsys/SaberRD64/Q-2020.03/64\bin\schtos.map'.
schtos Q-2020.03 Build 52 on 10-Mar-2020 Copyright (c) 1985-2020, Synopsys, Inc.
This program/application is protected under the patent and copyright laws
of the United States and selected foreign countries.
For a complete listing of intellectual property protection run the netlister as an operating system command or look in the manual.  
PARSe mapping file schtos, execution time=0.516 sec.
Opening file 'C:/Synopsys/SaberRD64/Q-2020.03/64\bin\analogy.map'.
PARSe mapping file analogy, execution time=0.5 sec.
Opening file 'C:/Synopsys/SaberRD64/Q-2020.03/64/bin/user.map'.
PARSe mapping file user, execution time=0.609 sec.
EXTract design from database, execution time=0.625 sec.
Symbol 'r' instantiated as template
'C:/Synopsys/SaberRD64/Q-2020.03/generic/ai_electronic/passive/r.sin'.
Symbol 'l' instantiated as template
'C:/Synopsys/SaberRD64/Q-2020.03/generic/ai_electronic/passive/l.sin'.
Symbol 'd' instantiated as template
'C:/Synopsys/SaberRD64/Q-2020.03/generic/ai_electronic/semiconductor/diodes/d.si
n'.
Symbol 'c' instantiated as template
'C:/Synopsys/SaberRD64/Q-2020.03/generic/ai_electronic/passive/c.sin'.
Symbol 'k' instantiated as template
'C:/Synopsys/SaberRD64/Q-2020.03/generic/ai_electronic/passive/k.sin'.
Symbol 'epc2022' instantiated as template './epc2022.sin'.
Symbol 'gate_driver_hilow' instantiated as template './gate_driver_hilow.sin'.
INStantiate design, execution time=0.531 sec.
SPLIT design, execution time=0.5 sec.
SIMUlator input for the vhdlams simulator done, execution time=0.516 sec.
BACK annotation and renaming file writing done, execution time=0.5 sec.
